mobile/packages/libraries/mobile_toolkit/widgetbook/build/app/intermediates/manifest_merge_blame_file/debug/manifest-merger-blame-debug-report.txt
1<?xml version="1.0" encoding="utf-8"?>
2<manifest xmlns:android="http://schemas.android.com/apk/res/android"
3    package="com.example.widgetbook"
4    android:versionCode="1"
5    android:versionName="0.1.0" >
6
7    <uses-sdk
8        android:minSdkVersion="21"
9        android:targetSdkVersion="35" />
10    <!--
11         The INTERNET permission is required for development. Specifically,
12         the Flutter tool needs it to communicate with the running application
13         to allow setting breakpoints, to provide hot reload, etc.
14    -->
15    <uses-permission android:name="android.permission.INTERNET" />
15-->src/debug/AndroidManifest.xml:6:5-66
15-->src/debug/AndroidManifest.xml:6:22-64
16    <!--
17     Required to query activities that can process text, see:
18         https://developer.android.com/training/package-visibility and
19         https://developer.android.com/reference/android/content/Intent#ACTION_PROCESS_TEXT.
20
21         In particular, this is used by the Flutter engine in io.flutter.plugin.text.ProcessTextPlugin.
22    -->
23    <queries>
23-->src/main/AndroidManifest.xml:39:5-44:15
24        <intent>
24-->src/main/AndroidManifest.xml:40:9-43:18
25            <action android:name="android.intent.action.PROCESS_TEXT" />
25-->src/main/AndroidManifest.xml:41:13-72
25-->src/main/AndroidManifest.xml:41:21-70
26
27            <data android:mimeType="text/plain" />
27-->src/main/AndroidManifest.xml:42:13-50
27-->src/main/AndroidManifest.xml:42:19-48
28        </intent>
29        <intent>
29-->[:flutter_inappwebview_android] AndroidManifest.xml:8:9-10:18
30            <action android:name="android.support.customtabs.action.CustomTabsService" />
30-->[:flutter_inappwebview_android] AndroidManifest.xml:9:13-90
30-->[:flutter_inappwebview_android] AndroidManifest.xml:9:21-87
31        </intent>
32    </queries>
33
34    <uses-permission android:name="android.permission.ACCESS_NETWORK_STATE" />
34-->[:connection_watcher] AndroidManifest.xml:7:5-79
34-->[:connection_watcher] AndroidManifest.xml:7:22-76
35    <uses-permission android:name="android.permission.CHANGE_NETWORK_STATE" />
35-->[:connection_watcher] AndroidManifest.xml:8:5-79
35-->[:connection_watcher] AndroidManifest.xml:8:22-76
36
37    <permission
37-->[androidx.core:core:1.13.1] AndroidManifest.xml:22:5-24:47
38        android:name="com.example.widgetbook.DYNAMIC_RECEIVER_NOT_EXPORTED_PERMISSION"
38-->[androidx.core:core:1.13.1] AndroidManifest.xml:23:9-81
39        android:protectionLevel="signature" />
39-->[androidx.core:core:1.13.1] AndroidManifest.xml:24:9-44
40
41    <uses-permission android:name="com.example.widgetbook.DYNAMIC_RECEIVER_NOT_EXPORTED_PERMISSION" />
41-->[androidx.core:core:1.13.1] AndroidManifest.xml:26:5-97
41-->[androidx.core:core:1.13.1] AndroidManifest.xml:26:22-94
42
43    <application
44        android:name="android.app.Application"
45        android:appComponentFactory="androidx.core.app.CoreComponentFactory"
45-->[androidx.core:core:1.13.1] AndroidManifest.xml:28:18-86
46        android:debuggable="true"
47        android:extractNativeLibs="true"
48        android:icon="@mipmap/ic_launcher"
49        android:label="widgetbook" >
50        <activity
51            android:name="com.example.widgetbook.MainActivity"
52            android:configChanges="orientation|keyboardHidden|keyboard|screenSize|smallestScreenSize|locale|layoutDirection|fontScale|screenLayout|density|uiMode"
53            android:exported="true"
54            android:hardwareAccelerated="true"
55            android:launchMode="singleTop"
56            android:taskAffinity=""
57            android:theme="@style/LaunchTheme"
58            android:windowSoftInputMode="adjustResize" >
59
60            <!--
61                 Specifies an Android theme to apply to this Activity as soon as
62                 the Android process has started. This theme is visible to the user
63                 while the Flutter UI initializes. After that, this theme continues
64                 to determine the Window background behind the Flutter UI.
65            -->
66            <meta-data
67                android:name="io.flutter.embedding.android.NormalTheme"
68                android:resource="@style/NormalTheme" />
69
70            <intent-filter>
71                <action android:name="android.intent.action.MAIN" />
72
73                <category android:name="android.intent.category.LAUNCHER" />
74            </intent-filter>
75        </activity>
76        <!--
77             Don't delete the meta-data below.
78             This is used by the Flutter tool to generate GeneratedPluginRegistrant.java
79        -->
80        <meta-data
81            android:name="flutterEmbedding"
82            android:value="2" />
83
84        <activity
84-->[:flutter_inappwebview_android] AndroidManifest.xml:14:9-18:47
85            android:name="com.pichillilorenzo.flutter_inappwebview_android.in_app_browser.InAppBrowserActivity"
85-->[:flutter_inappwebview_android] AndroidManifest.xml:15:13-112
86            android:configChanges="orientation|keyboardHidden|keyboard|screenSize|locale|layoutDirection|fontScale|screenLayout|density"
86-->[:flutter_inappwebview_android] AndroidManifest.xml:16:13-137
87            android:exported="false"
87-->[:flutter_inappwebview_android] AndroidManifest.xml:17:13-37
88            android:theme="@style/AppTheme" />
88-->[:flutter_inappwebview_android] AndroidManifest.xml:18:13-44
89        <activity
89-->[:flutter_inappwebview_android] AndroidManifest.xml:19:9-22:55
90            android:name="com.pichillilorenzo.flutter_inappwebview_android.chrome_custom_tabs.ChromeCustomTabsActivity"
90-->[:flutter_inappwebview_android] AndroidManifest.xml:20:13-120
91            android:exported="false"
91-->[:flutter_inappwebview_android] AndroidManifest.xml:21:13-37
92            android:theme="@style/ThemeTransparent" />
92-->[:flutter_inappwebview_android] AndroidManifest.xml:22:13-52
93        <activity
93-->[:flutter_inappwebview_android] AndroidManifest.xml:23:9-26:55
94            android:name="com.pichillilorenzo.flutter_inappwebview_android.chrome_custom_tabs.TrustedWebActivity"
94-->[:flutter_inappwebview_android] AndroidManifest.xml:24:13-114
95            android:exported="false"
95-->[:flutter_inappwebview_android] AndroidManifest.xml:25:13-37
96            android:theme="@style/ThemeTransparent" />
96-->[:flutter_inappwebview_android] AndroidManifest.xml:26:13-52
97        <activity
97-->[:flutter_inappwebview_android] AndroidManifest.xml:27:9-31:55
98            android:name="com.pichillilorenzo.flutter_inappwebview_android.chrome_custom_tabs.ChromeCustomTabsActivitySingleInstance"
98-->[:flutter_inappwebview_android] AndroidManifest.xml:28:13-134
99            android:exported="false"
99-->[:flutter_inappwebview_android] AndroidManifest.xml:29:13-37
100            android:launchMode="singleInstance"
100-->[:flutter_inappwebview_android] AndroidManifest.xml:30:13-48
101            android:theme="@style/ThemeTransparent" />
101-->[:flutter_inappwebview_android] AndroidManifest.xml:31:13-52
102        <activity
102-->[:flutter_inappwebview_android] AndroidManifest.xml:32:9-36:55
103            android:name="com.pichillilorenzo.flutter_inappwebview_android.chrome_custom_tabs.TrustedWebActivitySingleInstance"
103-->[:flutter_inappwebview_android] AndroidManifest.xml:33:13-128
104            android:exported="false"
104-->[:flutter_inappwebview_android] AndroidManifest.xml:34:13-37
105            android:launchMode="singleInstance"
105-->[:flutter_inappwebview_android] AndroidManifest.xml:35:13-48
106            android:theme="@style/ThemeTransparent" />
106-->[:flutter_inappwebview_android] AndroidManifest.xml:36:13-52
107
108        <receiver
108-->[:flutter_inappwebview_android] AndroidManifest.xml:38:9-41:40
109            android:name="com.pichillilorenzo.flutter_inappwebview_android.chrome_custom_tabs.ActionBroadcastReceiver"
109-->[:flutter_inappwebview_android] AndroidManifest.xml:39:13-119
110            android:enabled="true"
110-->[:flutter_inappwebview_android] AndroidManifest.xml:40:13-35
111            android:exported="false" />
111-->[:flutter_inappwebview_android] AndroidManifest.xml:41:13-37
112
113        <meta-data
113-->[:flutter_inappwebview_android] AndroidManifest.xml:43:9-45:36
114            android:name="io.flutter.embedded_views_preview"
114-->[:flutter_inappwebview_android] AndroidManifest.xml:44:13-61
115            android:value="true" />
115-->[:flutter_inappwebview_android] AndroidManifest.xml:45:13-33
116        <!--
117           Declares a provider which allows us to store files to share in
118           '.../caches/share_plus' and grant the receiving action access
119        -->
120        <provider
120-->[:share_plus] AndroidManifest.xml:13:9-21:20
121            android:name="dev.fluttercommunity.plus.share.ShareFileProvider"
121-->[:share_plus] AndroidManifest.xml:14:13-77
122            android:authorities="com.example.widgetbook.flutter.share_provider"
122-->[:share_plus] AndroidManifest.xml:15:13-74
123            android:exported="false"
123-->[:share_plus] AndroidManifest.xml:16:13-37
124            android:grantUriPermissions="true" >
124-->[:share_plus] AndroidManifest.xml:17:13-47
125            <meta-data
125-->[:share_plus] AndroidManifest.xml:18:13-20:68
126                android:name="android.support.FILE_PROVIDER_PATHS"
126-->[:share_plus] AndroidManifest.xml:19:17-67
127                android:resource="@xml/flutter_share_file_paths" />
127-->[:share_plus] AndroidManifest.xml:20:17-65
128        </provider>
129        <!--
130           This manifest declared broadcast receiver allows us to use an explicit
131           Intent when creating a PendingItent to be informed of the user's choice
132        -->
133        <receiver
133-->[:share_plus] AndroidManifest.xml:26:9-32:20
134            android:name="dev.fluttercommunity.plus.share.SharePlusPendingIntent"
134-->[:share_plus] AndroidManifest.xml:27:13-82
135            android:exported="false" >
135-->[:share_plus] AndroidManifest.xml:28:13-37
136            <intent-filter>
136-->[:share_plus] AndroidManifest.xml:29:13-31:29
137                <action android:name="EXTRA_CHOSEN_COMPONENT" />
137-->[:share_plus] AndroidManifest.xml:30:17-65
137-->[:share_plus] AndroidManifest.xml:30:25-62
138            </intent-filter>
139        </receiver>
140
141        <activity
141-->[:url_launcher_android] AndroidManifest.xml:8:9-11:74
142            android:name="io.flutter.plugins.urllauncher.WebViewActivity"
142-->[:url_launcher_android] AndroidManifest.xml:9:13-74
143            android:exported="false"
143-->[:url_launcher_android] AndroidManifest.xml:10:13-37
144            android:theme="@android:style/Theme.NoTitleBar.Fullscreen" />
144-->[:url_launcher_android] AndroidManifest.xml:11:13-71
145
146        <uses-library
146-->[androidx.window:window:1.2.0] AndroidManifest.xml:23:9-25:40
147            android:name="androidx.window.extensions"
147-->[androidx.window:window:1.2.0] AndroidManifest.xml:24:13-54
148            android:required="false" />
148-->[androidx.window:window:1.2.0] AndroidManifest.xml:25:13-37
149        <uses-library
149-->[androidx.window:window:1.2.0] AndroidManifest.xml:26:9-28:40
150            android:name="androidx.window.sidecar"
150-->[androidx.window:window:1.2.0] AndroidManifest.xml:27:13-51
151            android:required="false" />
151-->[androidx.window:window:1.2.0] AndroidManifest.xml:28:13-37
152
153        <provider
153-->[androidx.emoji2:emoji2:1.2.0] AndroidManifest.xml:24:9-32:20
154            android:name="androidx.startup.InitializationProvider"
154-->[androidx.emoji2:emoji2:1.2.0] AndroidManifest.xml:25:13-67
155            android:authorities="com.example.widgetbook.androidx-startup"
155-->[androidx.emoji2:emoji2:1.2.0] AndroidManifest.xml:26:13-68
156            android:exported="false" >
156-->[androidx.emoji2:emoji2:1.2.0] AndroidManifest.xml:27:13-37
157            <meta-data
157-->[androidx.emoji2:emoji2:1.2.0] AndroidManifest.xml:29:13-31:52
158                android:name="androidx.emoji2.text.EmojiCompatInitializer"
158-->[androidx.emoji2:emoji2:1.2.0] AndroidManifest.xml:30:17-75
159                android:value="androidx.startup" />
159-->[androidx.emoji2:emoji2:1.2.0] AndroidManifest.xml:31:17-49
160            <meta-data
160-->[androidx.lifecycle:lifecycle-process:2.7.0] AndroidManifest.xml:29:13-31:52
161                android:name="androidx.lifecycle.ProcessLifecycleInitializer"
161-->[androidx.lifecycle:lifecycle-process:2.7.0] AndroidManifest.xml:30:17-78
162                android:value="androidx.startup" />
162-->[androidx.lifecycle:lifecycle-process:2.7.0] AndroidManifest.xml:31:17-49
163            <meta-data
163-->[androidx.profileinstaller:profileinstaller:1.3.1] AndroidManifest.xml:29:13-31:52
164                android:name="androidx.profileinstaller.ProfileInstallerInitializer"
164-->[androidx.profileinstaller:profileinstaller:1.3.1] AndroidManifest.xml:30:17-85
165                android:value="androidx.startup" />
165-->[androidx.profileinstaller:profileinstaller:1.3.1] AndroidManifest.xml:31:17-49
166        </provider>
167
168        <receiver
168-->[androidx.profileinstaller:profileinstaller:1.3.1] AndroidManifest.xml:34:9-52:20
169            android:name="androidx.profileinstaller.ProfileInstallReceiver"
169-->[androidx.profileinstaller:profileinstaller:1.3.1] AndroidManifest.xml:35:13-76
170            android:directBootAware="false"
170-->[androidx.profileinstaller:profileinstaller:1.3.1] AndroidManifest.xml:36:13-44
171            android:enabled="true"
171-->[androidx.profileinstaller:profileinstaller:1.3.1] AndroidManifest.xml:37:13-35
172            android:exported="true"
172-->[androidx.profileinstaller:profileinstaller:1.3.1] AndroidManifest.xml:38:13-36
173            android:permission="android.permission.DUMP" >
173-->[androidx.profileinstaller:profileinstaller:1.3.1] AndroidManifest.xml:39:13-57
174            <intent-filter>
174-->[androidx.profileinstaller:profileinstaller:1.3.1] AndroidManifest.xml:40:13-42:29
175                <action android:name="androidx.profileinstaller.action.INSTALL_PROFILE" />
175-->[androidx.profileinstaller:profileinstaller:1.3.1] AndroidManifest.xml:41:17-91
175-->[androidx.profileinstaller:profileinstaller:1.3.1] AndroidManifest.xml:41:25-88
176            </intent-filter>
177            <intent-filter>
177-->[androidx.profileinstaller:profileinstaller:1.3.1] AndroidManifest.xml:43:13-45:29
178                <action android:name="androidx.profileinstaller.action.SKIP_FILE" />
178-->[androidx.profileinstaller:profileinstaller:1.3.1] AndroidManifest.xml:44:17-85
178-->[androidx.profileinstaller:profileinstaller:1.3.1] AndroidManifest.xml:44:25-82
179            </intent-filter>
180            <intent-filter>
180-->[androidx.profileinstaller:profileinstaller:1.3.1] AndroidManifest.xml:46:13-48:29
181                <action android:name="androidx.profileinstaller.action.SAVE_PROFILE" />
181-->[androidx.profileinstaller:profileinstaller:1.3.1] AndroidManifest.xml:47:17-88
181-->[androidx.profileinstaller:profileinstaller:1.3.1] AndroidManifest.xml:47:25-85
182            </intent-filter>
183            <intent-filter>
183-->[androidx.profileinstaller:profileinstaller:1.3.1] AndroidManifest.xml:49:13-51:29
184                <action android:name="androidx.profileinstaller.action.BENCHMARK_OPERATION" />
184-->[androidx.profileinstaller:profileinstaller:1.3.1] AndroidManifest.xml:50:17-95
184-->[androidx.profileinstaller:profileinstaller:1.3.1] AndroidManifest.xml:50:25-92
185            </intent-filter>
186        </receiver>
187    </application>
188
189</manifest>